{"/Users/boss/Documents/HACK REACTOR/SYSTEMS DESIGN CAPSTONE/SDC-qAndA/db/index.js": {"path":"/Users/boss/Documents/HACK REACTOR/SYSTEMS DESIGN CAPSTONE/SDC-qAndA/db/index.js","statementMap":{"0":{"start":{"line":1,"column":0},"end":{"line":1,"column":27}},"1":{"start":{"line":2,"column":50},"end":{"line":2,"column":61}},"2":{"start":{"line":3,"column":17},"end":{"line":3,"column":30}},"3":{"start":{"line":5,"column":13},"end":{"line":11,"column":2}},"4":{"start":{"line":13,"column":0},"end":{"line":22,"column":5}},"5":{"start":{"line":14,"column":2},"end":{"line":21,"column":3}},"6":{"start":{"line":15,"column":4},"end":{"line":18,"column":5}},"7":{"start":{"line":16,"column":6},"end":{"line":16,"column":27}},"8":{"start":{"line":17,"column":6},"end":{"line":17,"column":46}},"9":{"start":{"line":20,"column":4},"end":{"line":20,"column":54}},"10":{"start":{"line":24,"column":0},"end":{"line":24,"column":22}}},"fnMap":{"0":{"name":"(anonymous_0)","decl":{"start":{"line":13,"column":1},"end":{"line":13,"column":2}},"loc":{"start":{"line":13,"column":12},"end":{"line":22,"column":1}},"line":13}},"branchMap":{"0":{"loc":{"start":{"line":15,"column":4},"end":{"line":18,"column":5}},"type":"if","locations":[{"start":{"line":15,"column":4},"end":{"line":18,"column":5}},{"start":{},"end":{}}],"line":15}},"s":{"0":1,"1":1,"2":1,"3":1,"4":1,"5":1,"6":1,"7":0,"8":0,"9":0,"10":1},"f":{"0":1},"b":{"0":[0,1]},"_coverageSchema":"1a1c01bbd47fc00a2c39e90264f33305004495a9","hash":"138f6dbaa4407ba1de07559b0750200f4e1ffe05"}
,"/Users/boss/Documents/HACK REACTOR/SYSTEMS DESIGN CAPSTONE/SDC-qAndA/server/controller.js": {"path":"/Users/boss/Documents/HACK REACTOR/SYSTEMS DESIGN CAPSTONE/SDC-qAndA/server/controller.js","statementMap":{"0":{"start":{"line":1,"column":11},"end":{"line":1,"column":27}},"1":{"start":{"line":3,"column":0},"end":{"line":275,"column":2}},"2":{"start":{"line":8,"column":42},"end":{"line":8,"column":51}},"3":{"start":{"line":9,"column":21},"end":{"line":9,"column":39}},"4":{"start":{"line":12,"column":23},"end":{"line":17,"column":7}},"5":{"start":{"line":19,"column":6},"end":{"line":36,"column":7}},"6":{"start":{"line":20,"column":23},"end":{"line":22,"column":9}},"7":{"start":{"line":24,"column":26},"end":{"line":24,"column":37}},"8":{"start":{"line":26,"column":8},"end":{"line":26,"column":66}},"9":{"start":{"line":28,"column":8},"end":{"line":28,"column":40}},"10":{"start":{"line":31,"column":8},"end":{"line":31,"column":60}},"11":{"start":{"line":33,"column":8},"end":{"line":35,"column":11}},"12":{"start":{"line":40,"column":30},"end":{"line":40,"column":40}},"13":{"start":{"line":42,"column":23},"end":{"line":46,"column":7}},"14":{"start":{"line":48,"column":6},"end":{"line":63,"column":7}},"15":{"start":{"line":49,"column":8},"end":{"line":51,"column":10}},"16":{"start":{"line":53,"column":8},"end":{"line":53,"column":49}},"17":{"start":{"line":55,"column":8},"end":{"line":55,"column":30}},"18":{"start":{"line":58,"column":8},"end":{"line":58,"column":59}},"19":{"start":{"line":60,"column":8},"end":{"line":62,"column":11}},"20":{"start":{"line":67,"column":30},"end":{"line":67,"column":40}},"21":{"start":{"line":69,"column":23},"end":{"line":73,"column":7}},"22":{"start":{"line":75,"column":6},"end":{"line":90,"column":7}},"23":{"start":{"line":76,"column":8},"end":{"line":78,"column":10}},"24":{"start":{"line":80,"column":8},"end":{"line":80,"column":42}},"25":{"start":{"line":82,"column":8},"end":{"line":82,"column":30}},"26":{"start":{"line":85,"column":8},"end":{"line":85,"column":60}},"27":{"start":{"line":87,"column":8},"end":{"line":89,"column":11}},"28":{"start":{"line":100,"column":48},"end":{"line":100,"column":56}},"29":{"start":{"line":102,"column":23},"end":{"line":105,"column":7}},"30":{"start":{"line":107,"column":6},"end":{"line":125,"column":7}},"31":{"start":{"line":108,"column":8},"end":{"line":110,"column":10}},"32":{"start":{"line":112,"column":8},"end":{"line":112,"column":60}},"33":{"start":{"line":114,"column":8},"end":{"line":117,"column":11}},"34":{"start":{"line":120,"column":8},"end":{"line":120,"column":58}},"35":{"start":{"line":122,"column":8},"end":{"line":124,"column":11}},"36":{"start":{"line":133,"column":30},"end":{"line":133,"column":40}},"37":{"start":{"line":134,"column":30},"end":{"line":134,"column":39}},"38":{"start":{"line":136,"column":21},"end":{"line":136,"column":39}},"39":{"start":{"line":138,"column":23},"end":{"line":143,"column":7}},"40":{"start":{"line":145,"column":6},"end":{"line":161,"column":7}},"41":{"start":{"line":146,"column":23},"end":{"line":148,"column":9}},"42":{"start":{"line":149,"column":24},"end":{"line":149,"column":35}},"43":{"start":{"line":151,"column":8},"end":{"line":151,"column":62}},"44":{"start":{"line":153,"column":8},"end":{"line":153,"column":38}},"45":{"start":{"line":156,"column":8},"end":{"line":156,"column":58}},"46":{"start":{"line":158,"column":8},"end":{"line":160,"column":11}},"47":{"start":{"line":165,"column":28},"end":{"line":165,"column":38}},"48":{"start":{"line":167,"column":23},"end":{"line":171,"column":7}},"49":{"start":{"line":173,"column":6},"end":{"line":188,"column":7}},"50":{"start":{"line":174,"column":8},"end":{"line":176,"column":10}},"51":{"start":{"line":178,"column":8},"end":{"line":178,"column":49}},"52":{"start":{"line":180,"column":8},"end":{"line":180,"column":30}},"53":{"start":{"line":183,"column":8},"end":{"line":183,"column":57}},"54":{"start":{"line":185,"column":8},"end":{"line":187,"column":11}},"55":{"start":{"line":192,"column":28},"end":{"line":192,"column":38}},"56":{"start":{"line":194,"column":23},"end":{"line":198,"column":7}},"57":{"start":{"line":200,"column":6},"end":{"line":215,"column":7}},"58":{"start":{"line":201,"column":8},"end":{"line":203,"column":10}},"59":{"start":{"line":205,"column":8},"end":{"line":205,"column":40}},"60":{"start":{"line":207,"column":8},"end":{"line":207,"column":30}},"61":{"start":{"line":210,"column":8},"end":{"line":210,"column":58}},"62":{"start":{"line":212,"column":8},"end":{"line":214,"column":11}},"63":{"start":{"line":220,"column":30},"end":{"line":220,"column":40}},"64":{"start":{"line":221,"column":44},"end":{"line":221,"column":52}},"65":{"start":{"line":223,"column":26},"end":{"line":227,"column":7}},"66":{"start":{"line":229,"column":6},"end":{"line":271,"column":7}},"67":{"start":{"line":230,"column":23},"end":{"line":233,"column":9}},"68":{"start":{"line":235,"column":25},"end":{"line":235,"column":42}},"69":{"start":{"line":238,"column":8},"end":{"line":258,"column":9}},"70":{"start":{"line":239,"column":29},"end":{"line":242,"column":11}},"71":{"start":{"line":241,"column":42},"end":{"line":241,"column":52}},"72":{"start":{"line":244,"column":28},"end":{"line":246,"column":11}},"73":{"start":{"line":245,"column":21},"end":{"line":245,"column":38}},"74":{"start":{"line":248,"column":10},"end":{"line":250,"column":12}},"75":{"start":{"line":252,"column":10},"end":{"line":252,"column":83}},"76":{"start":{"line":254,"column":10},"end":{"line":257,"column":13}},"77":{"start":{"line":260,"column":8},"end":{"line":260,"column":58}},"78":{"start":{"line":262,"column":8},"end":{"line":265,"column":11}},"79":{"start":{"line":268,"column":8},"end":{"line":268,"column":56}},"80":{"start":{"line":270,"column":8},"end":{"line":270,"column":65}}},"fnMap":{"0":{"name":"(anonymous_0)","decl":{"start":{"line":7,"column":9},"end":{"line":7,"column":10}},"loc":{"start":{"line":7,"column":28},"end":{"line":37,"column":5}},"line":7},"1":{"name":"(anonymous_1)","decl":{"start":{"line":39,"column":12},"end":{"line":39,"column":13}},"loc":{"start":{"line":39,"column":31},"end":{"line":64,"column":5}},"line":39},"2":{"name":"(anonymous_2)","decl":{"start":{"line":66,"column":12},"end":{"line":66,"column":13}},"loc":{"start":{"line":66,"column":31},"end":{"line":91,"column":5}},"line":66},"3":{"name":"(anonymous_3)","decl":{"start":{"line":99,"column":10},"end":{"line":99,"column":11}},"loc":{"start":{"line":99,"column":29},"end":{"line":126,"column":5}},"line":99},"4":{"name":"(anonymous_4)","decl":{"start":{"line":132,"column":9},"end":{"line":132,"column":10}},"loc":{"start":{"line":132,"column":28},"end":{"line":162,"column":5}},"line":132},"5":{"name":"(anonymous_5)","decl":{"start":{"line":164,"column":12},"end":{"line":164,"column":13}},"loc":{"start":{"line":164,"column":31},"end":{"line":189,"column":5}},"line":164},"6":{"name":"(anonymous_6)","decl":{"start":{"line":191,"column":12},"end":{"line":191,"column":13}},"loc":{"start":{"line":191,"column":31},"end":{"line":216,"column":5}},"line":191},"7":{"name":"(anonymous_7)","decl":{"start":{"line":219,"column":10},"end":{"line":219,"column":11}},"loc":{"start":{"line":219,"column":29},"end":{"line":272,"column":5}},"line":219},"8":{"name":"(anonymous_8)","decl":{"start":{"line":241,"column":33},"end":{"line":241,"column":34}},"loc":{"start":{"line":241,"column":42},"end":{"line":241,"column":52}},"line":241},"9":{"name":"(anonymous_9)","decl":{"start":{"line":245,"column":12},"end":{"line":245,"column":13}},"loc":{"start":{"line":245,"column":21},"end":{"line":245,"column":38}},"line":245}},"branchMap":{"0":{"loc":{"start":{"line":238,"column":8},"end":{"line":258,"column":9}},"type":"if","locations":[{"start":{"line":238,"column":8},"end":{"line":258,"column":9}},{"start":{},"end":{}}],"line":238}},"s":{"0":1,"1":1,"2":2,"3":2,"4":2,"5":2,"6":2,"7":1,"8":1,"9":1,"10":1,"11":1,"12":2,"13":2,"14":2,"15":2,"16":1,"17":1,"18":1,"19":1,"20":0,"21":0,"22":0,"23":0,"24":0,"25":0,"26":0,"27":0,"28":0,"29":0,"30":0,"31":0,"32":0,"33":0,"34":0,"35":0,"36":0,"37":0,"38":0,"39":0,"40":0,"41":0,"42":0,"43":0,"44":0,"45":0,"46":0,"47":0,"48":0,"49":0,"50":0,"51":0,"52":0,"53":0,"54":0,"55":0,"56":0,"57":0,"58":0,"59":0,"60":0,"61":0,"62":0,"63":0,"64":0,"65":0,"66":0,"67":0,"68":0,"69":0,"70":0,"71":0,"72":0,"73":0,"74":0,"75":0,"76":0,"77":0,"78":0,"79":0,"80":0},"f":{"0":2,"1":2,"2":0,"3":0,"4":0,"5":0,"6":0,"7":0,"8":0,"9":0},"b":{"0":[0,0]},"_coverageSchema":"1a1c01bbd47fc00a2c39e90264f33305004495a9","hash":"7437309369e6a7d22d324d00a6785a199da8a96f"}
}
