TN:
SF:db/index.js
FN:13,(anonymous_0)
FNF:1
FNH:1
FNDA:1,(anonymous_0)
DA:1,1
DA:2,1
DA:3,1
DA:5,1
DA:13,1
DA:14,1
DA:15,1
DA:16,0
DA:19,0
DA:23,1
LF:10
LH:8
BRF:0
BRH:0
end_of_record
TN:
SF:server/controller.js
FN:7,(anonymous_0)
FN:39,(anonymous_1)
FN:66,(anonymous_2)
FN:99,(anonymous_3)
FN:132,(anonymous_4)
FN:164,(anonymous_5)
FN:191,(anonymous_6)
FN:219,(anonymous_7)
FN:241,(anonymous_8)
FN:245,(anonymous_9)
FNF:10
FNH:1
FNDA:2,(anonymous_0)
FNDA:0,(anonymous_1)
FNDA:0,(anonymous_2)
FNDA:0,(anonymous_3)
FNDA:0,(anonymous_4)
FNDA:0,(anonymous_5)
FNDA:0,(anonymous_6)
FNDA:0,(anonymous_7)
FNDA:0,(anonymous_8)
FNDA:0,(anonymous_9)
DA:1,1
DA:3,1
DA:8,2
DA:9,2
DA:12,2
DA:19,2
DA:20,2
DA:24,1
DA:26,1
DA:28,1
DA:31,1
DA:33,1
DA:40,0
DA:42,0
DA:48,0
DA:49,0
DA:53,0
DA:55,0
DA:58,0
DA:60,0
DA:67,0
DA:69,0
DA:75,0
DA:76,0
DA:80,0
DA:82,0
DA:85,0
DA:87,0
DA:100,0
DA:102,0
DA:107,0
DA:108,0
DA:112,0
DA:114,0
DA:120,0
DA:122,0
DA:133,0
DA:134,0
DA:136,0
DA:138,0
DA:145,0
DA:146,0
DA:149,0
DA:151,0
DA:153,0
DA:156,0
DA:158,0
DA:165,0
DA:167,0
DA:173,0
DA:174,0
DA:178,0
DA:180,0
DA:183,0
DA:185,0
DA:192,0
DA:194,0
DA:200,0
DA:201,0
DA:205,0
DA:207,0
DA:210,0
DA:212,0
DA:220,0
DA:221,0
DA:223,0
DA:229,0
DA:230,0
DA:235,0
DA:238,0
DA:239,0
DA:241,0
DA:244,0
DA:245,0
DA:248,0
DA:252,0
DA:254,0
DA:260,0
DA:262,0
DA:268,0
DA:270,0
LF:81
LH:12
BRDA:238,0,0,0
BRDA:238,0,1,0
BRF:2
BRH:0
end_of_record
